#
# There is insufficient memory for the Java Runtime Environment to continue.
# Native memory allocation (malloc) failed to allocate 1330976 bytes for Chunk::new
# Possible reasons:
#   The system is out of physical RAM or swap space
#   The process is running with CompressedOops enabled, and the Java Heap may be blocking the growth of the native heap
# Possible solutions:
#   Reduce memory load on the system
#   Increase physical memory or swap space
#   Check if swap backing store is full
#   Decrease Java heap size (-Xmx/-Xms)
#   Decrease number of Java threads
#   Decrease Java thread stack sizes (-Xss)
#   Set larger code cache with -XX:ReservedCodeCacheSize=
#   JVM is running with Unscaled Compressed Oops mode in which the Java heap is
#     placed in the first 4GB address space. The Java Heap base address is the
#     maximum limit for the native heap growth. Please use -XX:HeapBaseMinAddress
#     to set the Java Heap base and to place the Java Heap above 4GB virtual address.
# This output file may be truncated or incomplete.
#
#  Out of Memory Error (allocation.cpp:389), pid=17276, tid=0x0000000000005278
#
# JRE version: OpenJDK Runtime Environment (8.0_242-b01) (build 1.8.0_242-release-1644-b01)
# Java VM: OpenJDK 64-Bit Server VM (25.242-b01 mixed mode windows-amd64 compressed oops)
# Failed to write core dump. Minidumps are not enabled by default on client versions of Windows
#

---------------  T H R E A D  ---------------

Current thread (0x0000000019d53800):  JavaThread "C2 CompilerThread0" daemon [_thread_in_native, id=21112, stack(0x000000001a620000,0x000000001a720000)]

Stack: [0x000000001a620000,0x000000001a720000]
[error occurred during error reporting (printing stack bounds), id 0xc0000005]

Native frames: (J=compiled Java code, j=interpreted, Vv=VM code, C=native code)


Current CompileTask:
C2:   5862 2703       4       groovy.lang.MetaClassImpl$1MOPIter::methodNameAction (325 bytes)


---------------  P R O C E S S  ---------------

Java Threads: ( => current thread )
  0x000000001c8d2800 JavaThread "Cache worker for file content cache (C:\Users\TRUONG\.gradle\caches\6.5\fileContent)" [_thread_blocked, id=20864, stack(0x0000000023010000,0x0000000023110000)]
  0x000000001c8d1800 JavaThread "jar transforms" [_thread_blocked, id=5080, stack(0x0000000022f10000,0x0000000023010000)]
  0x000000001c8d1000 JavaThread "Cache worker for execution history cache (C:\Users\TRUONG\.gradle\caches\6.5\executionHistory)" [_thread_blocked, id=8536, stack(0x00000000215e0000,0x00000000216e0000)]
  0x000000001c8d0000 JavaThread "Cache worker for cache directory md-rule (C:\Users\TRUONG\.gradle\caches\6.5\md-rule)" [_thread_blocked, id=16980, stack(0x00000000214e0000,0x00000000215e0000)]
  0x000000001c8d4000 JavaThread "Cache worker for cache directory md-supplier (C:\Users\TRUONG\.gradle\caches\6.5\md-supplier)" [_thread_blocked, id=14156, stack(0x00000000213e0000,0x00000000214e0000)]
  0x000000001c8cf800 JavaThread "Cache worker for checksums cache (D:\Arduino\IoT_SmartAgriculture\app\SmartAgriculture\.gradle\checksums)" [_thread_blocked, id=11132, stack(0x00000000212e0000,0x00000000213e0000)]
  0x000000001c8d6000 JavaThread "Cache worker for file hash cache (D:\Arduino\IoT_SmartAgriculture\app\SmartAgriculture\.gradle\6.5\fileHashes)" [_thread_blocked, id=5800, stack(0x0000000020fe0000,0x00000000210e0000)]
  0x000000001c8d4800 JavaThread "Cache worker for file hash cache (C:\Users\TRUONG\.gradle\caches\6.5\fileHashes)" [_thread_blocked, id=20340, stack(0x000000001fd10000,0x000000001fe10000)]
  0x000000001c8d5800 JavaThread "File lock request listener" [_thread_in_native, id=15996, stack(0x000000001ec40000,0x000000001ed40000)]
  0x000000001cb2d000 JavaThread "Cache worker for journal cache (C:\Users\TRUONG\.gradle\caches\journal-1)" [_thread_blocked, id=20296, stack(0x000000001eb40000,0x000000001ec40000)]
  0x000000001af0a800 JavaThread "Thread-9" [_thread_blocked, id=12508, stack(0x000000001e840000,0x000000001e940000)]
  0x000000001af0a000 JavaThread "Stdin handler" [_thread_blocked, id=21988, stack(0x000000001e740000,0x000000001e840000)]
  0x000000001ad27000 JavaThread "Asynchronous log dispatcher for DefaultDaemonConnection: socket connection from /127.0.0.1:58791 to /127.0.0.1:58793" [_thread_blocked, id=21648, stack(0x000000001e640000,0x000000001e740000)]
  0x000000001acc4000 JavaThread "Daemon worker" [_thread_in_native, id=13364, stack(0x000000001e540000,0x000000001e640000)]
  0x000000001acbf800 JavaThread "Cancel handler" [_thread_blocked, id=7804, stack(0x000000001e340000,0x000000001e440000)]
  0x000000001ac5b800 JavaThread "Handler for socket connection from /127.0.0.1:58791 to /127.0.0.1:58793" [_thread_in_native, id=11224, stack(0x000000001e240000,0x000000001e340000)]
  0x000000001ac5b000 JavaThread "Daemon" [_thread_blocked, id=20684, stack(0x000000001df40000,0x000000001e040000)]
  0x000000001c7ba000 JavaThread "Daemon periodic checks" [_thread_blocked, id=22348, stack(0x000000001de40000,0x000000001df40000)]
  0x000000001c7a4000 JavaThread "Incoming local TCP Connector on port 58791" [_thread_in_native, id=21332, stack(0x000000001dc00000,0x000000001dd00000)]
  0x000000001c6bd800 JavaThread "Daemon health stats" [_thread_blocked, id=18064, stack(0x000000001d5c0000,0x000000001d6c0000)]
  0x0000000019ded800 JavaThread "Service Thread" daemon [_thread_blocked, id=12304, stack(0x000000001aa20000,0x000000001ab20000)]
  0x0000000019d6d800 JavaThread "C1 CompilerThread3" daemon [_thread_blocked, id=22448, stack(0x000000001a920000,0x000000001aa20000)]
  0x0000000019d65000 JavaThread "C2 CompilerThread2" daemon [_thread_in_native, id=22156, stack(0x000000001a820000,0x000000001a920000)]
  0x0000000019d58000 JavaThread "C2 CompilerThread1" daemon [_thread_blocked, id=22104, stack(0x000000001a720000,0x000000001a820000)]
=>0x0000000019d53800 JavaThread "C2 CompilerThread0" daemon [_thread_in_native, id=21112, stack(0x000000001a620000,0x000000001a720000)]
  0x0000000019d52000 JavaThread "Attach Listener" daemon [_thread_blocked, id=21860, stack(0x000000001a520000,0x000000001a620000)]
  0x0000000019d51000 JavaThread "Signal Dispatcher" daemon [_thread_blocked, id=20280, stack(0x000000001a420000,0x000000001a520000)]
  0x0000000019d41000 JavaThread "Finalizer" daemon [_thread_blocked, id=21188, stack(0x000000001a220000,0x000000001a320000)]
  0x0000000002eb7800 JavaThread "Reference Handler" daemon [_thread_blocked, id=8552, stack(0x000000001a120000,0x000000001a220000)]
  0x0000000002dc2800 JavaThread "main" [_thread_blocked, id=5752, stack(0x0000000002c70000,0x0000000002d70000)]

Other Threads:
  0x0000000017f26800 VMThread [stack: 0x0000000019c20000,0x0000000019d20000] [id=13064]
  0x0000000019dee800 WatcherThread [stack: 0x000000001ab20000,0x000000001ac20000] [id=4760]

VM state:not at safepoint (normal execution)

VM Mutex/Monitor currently owned by a thread: None

heap address: 0x0000000080000000, size: 2048 MB, Compressed Oops mode: 32-bit
Narrow klass base: 0x0000000000000000, Narrow klass shift: 3
Compressed class space size: 1073741824 Address: 0x0000000100000000

Heap:
 PSYoungGen      total 173056K, used 16585K [0x00000000d5580000, 0x00000000e2c80000, 0x0000000100000000)
  eden space 159744K, 10% used [0x00000000d5580000,0x00000000d65b2410,0x00000000df180000)
  from space 13312K, 0% used [0x00000000e1280000,0x00000000e1280000,0x00000000e1f80000)
  to   space 11776K, 0% used [0x00000000e2100000,0x00000000e2100000,0x00000000e2c80000)
 ParOldGen       total 75776K, used 15760K [0x0000000080000000, 0x0000000084a00000, 0x00000000d5580000)
  object space 75776K, 20% used [0x0000000080000000,0x0000000080f642e8,0x0000000084a00000)
 Metaspace       used 35059K, capacity 36222K, committed 36392K, reserved 1081344K
  class space    used 4829K, capacity 5096K, committed 5168K, reserved 1048576K

Card table byte_map: [0x0000000012280000,0x0000000012690000] byte_map_base: 0x0000000011e80000

Marking Bits: (ParMarkBitMap*) 0x000000006dccf030
 Begin Bits: [0x0000000013140000, 0x0000000015140000)
 End Bits:   [0x0000000015140000, 0x0000000017140000)

Polling page: 0x0000000000fe0000

CodeCache: size=245760Kb used=10639Kb max_used=10646Kb free=235120Kb
 bounds [0x0000000002ec0000, 0x0000000003930000, 0x0000000011ec0000]
 total_blobs=3467 nmethods=2775 adapters=605
 compilation: enabled

Compilation events (10 events):
Event: 5.837 Thread 0x0000000019d6d800 nmethod 2775 0x000000000391e8d0 code [0x000000000391ed80, 0x0000000003921628]
Event: 5.839 Thread 0x0000000019d65000 nmethod 2766 0x000000000391a510 code [0x000000000391a680, 0x000000000391b1f8]
Event: 5.839 Thread 0x0000000019d65000 2776       4       java.util.regex.Matcher::matches (10 bytes)
Event: 5.840 Thread 0x0000000019d65000 nmethod 2776 0x0000000003900690 code [0x00000000039007e0, 0x0000000003900978]
Event: 5.844 Thread 0x0000000019d6d800 2777       3       java.lang.invoke.ConstantCallSite::getTarget (20 bytes)
Event: 5.844 Thread 0x0000000019d6d800 nmethod 2777 0x000000000391a050 code [0x000000000391a1c0, 0x000000000391a428]
Event: 5.847 Thread 0x0000000019d58000 nmethod 2764 0x0000000003928350 code [0x0000000003928560, 0x000000000392a0e8]
Event: 5.857 Thread 0x0000000019d6d800 2778       3       java.io.WinNTFileSystem::resolve (231 bytes)
Event: 5.858 Thread 0x0000000019d65000 2779   !   4       java.security.SecureClassLoader::getProtectionDomain (114 bytes)
Event: 5.858 Thread 0x0000000019d6d800 nmethod 2778 0x0000000003925950 code [0x0000000003925c20, 0x0000000003927608]

GC Heap History (10 events):
Event: 3.353 GC heap before
{Heap before GC invocations=5 (full 0):
 PSYoungGen      total 106496K, used 15724K [0x00000000d5580000, 0x00000000dc580000, 0x0000000100000000)
  eden space 98304K, 7% used [0x00000000d5580000,0x00000000d5cdb838,0x00000000db580000)
  from space 8192K, 99% used [0x00000000dbd80000,0x00000000dc57f8d8,0x00000000dc580000)
  to   space 8192K, 0% used [0x00000000db580000,0x00000000db580000,0x00000000dbd80000)
 ParOldGen       total 131072K, used 3133K [0x0000000080000000, 0x0000000088000000, 0x00000000d5580000)
  object space 131072K, 2% used [0x0000000080000000,0x000000008030f558,0x0000000088000000)
 Metaspace       used 20577K, capacity 21220K, committed 21296K, reserved 1067008K
  class space    used 2874K, capacity 3076K, committed 3120K, reserved 1048576K
Event: 3.358 GC heap after
Heap after GC invocations=5 (full 0):
 PSYoungGen      total 106496K, used 7153K [0x00000000d5580000, 0x00000000e2c80000, 0x0000000100000000)
  eden space 98304K, 0% used [0x00000000d5580000,0x00000000d5580000,0x00000000db580000)
  from space 8192K, 87% used [0x00000000db580000,0x00000000dbc7c460,0x00000000dbd80000)
  to   space 11776K, 0% used [0x00000000e2100000,0x00000000e2100000,0x00000000e2c80000)
 ParOldGen       total 131072K, used 3141K [0x0000000080000000, 0x0000000088000000, 0x00000000d5580000)
  object space 131072K, 2% used [0x0000000080000000,0x0000000080311558,0x0000000088000000)
 Metaspace       used 20577K, capacity 21220K, committed 21296K, reserved 1067008K
  class space    used 2874K, capacity 3076K, committed 3120K, reserved 1048576K
}
Event: 3.359 GC heap before
{Heap before GC invocations=6 (full 1):
 PSYoungGen      total 106496K, used 7153K [0x00000000d5580000, 0x00000000e2c80000, 0x0000000100000000)
  eden space 98304K, 0% used [0x00000000d5580000,0x00000000d5580000,0x00000000db580000)
  from space 8192K, 87% used [0x00000000db580000,0x00000000dbc7c460,0x00000000dbd80000)
  to   space 11776K, 0% used [0x00000000e2100000,0x00000000e2100000,0x00000000e2c80000)
 ParOldGen       total 131072K, used 3141K [0x0000000080000000, 0x0000000088000000, 0x00000000d5580000)
  object space 131072K, 2% used [0x0000000080000000,0x0000000080311558,0x0000000088000000)
 Metaspace       used 20577K, capacity 21220K, committed 21296K, reserved 1067008K
  class space    used 2874K, capacity 3076K, committed 3120K, reserved 1048576K
Event: 3.403 GC heap after
Heap after GC invocations=6 (full 1):
 PSYoungGen      total 106496K, used 0K [0x00000000d5580000, 0x00000000e2c80000, 0x0000000100000000)
  eden space 98304K, 0% used [0x00000000d5580000,0x00000000d5580000,0x00000000db580000)
  from space 8192K, 0% used [0x00000000db580000,0x00000000db580000,0x00000000dbd80000)
  to   space 11776K, 0% used [0x00000000e2100000,0x00000000e2100000,0x00000000e2c80000)
 ParOldGen       total 75776K, used 7418K [0x0000000080000000, 0x0000000084a00000, 0x00000000d5580000)
  object space 75776K, 9% used [0x0000000080000000,0x000000008073e9f8,0x0000000084a00000)
 Metaspace       used 20577K, capacity 21220K, committed 21296K, reserved 1067008K
  class space    used 2874K, capacity 3076K, committed 3120K, reserved 1048576K
}
Event: 5.088 GC heap before
{Heap before GC invocations=7 (full 1):
 PSYoungGen      total 106496K, used 98304K [0x00000000d5580000, 0x00000000e2c80000, 0x0000000100000000)
  eden space 98304K, 100% used [0x00000000d5580000,0x00000000db580000,0x00000000db580000)
  from space 8192K, 0% used [0x00000000db580000,0x00000000db580000,0x00000000dbd80000)
  to   space 11776K, 0% used [0x00000000e2100000,0x00000000e2100000,0x00000000e2c80000)
 ParOldGen       total 75776K, used 7418K [0x0000000080000000, 0x0000000084a00000, 0x00000000d5580000)
  object space 75776K, 9% used [0x0000000080000000,0x000000008073e9f8,0x0000000084a00000)
 Metaspace       used 31353K, capacity 32240K, committed 32432K, reserved 1077248K
  class space    used 4261K, capacity 4467K, committed 4528K, reserved 1048576K
Event: 5.102 GC heap after
Heap after GC invocations=7 (full 1):
 PSYoungGen      total 171520K, used 11626K [0x00000000d5580000, 0x00000000e2c80000, 0x0000000100000000)
  eden space 159744K, 0% used [0x00000000d5580000,0x00000000d5580000,0x00000000df180000)
  from space 11776K, 98% used [0x00000000e2100000,0x00000000e2c5aaa8,0x00000000e2c80000)
  to   space 13312K, 0% used [0x00000000e1280000,0x00000000e1280000,0x00000000e1f80000)
 ParOldGen       total 75776K, used 7426K [0x0000000080000000, 0x0000000084a00000, 0x00000000d5580000)
  object space 75776K, 9% used [0x0000000080000000,0x00000000807409f8,0x0000000084a00000)
 Metaspace       used 31353K, capacity 32240K, committed 32432K, reserved 1077248K
  class space    used 4261K, capacity 4467K, committed 4528K, reserved 1048576K
}
Event: 5.612 GC heap before
{Heap before GC invocations=8 (full 1):
 PSYoungGen      total 171520K, used 73802K [0x00000000d5580000, 0x00000000e2c80000, 0x0000000100000000)
  eden space 159744K, 38% used [0x00000000d5580000,0x00000000d9237ea0,0x00000000df180000)
  from space 11776K, 98% used [0x00000000e2100000,0x00000000e2c5aaa8,0x00000000e2c80000)
  to   space 13312K, 0% used [0x00000000e1280000,0x00000000e1280000,0x00000000e1f80000)
 ParOldGen       total 75776K, used 7426K [0x0000000080000000, 0x0000000084a00000, 0x00000000d5580000)
  object space 75776K, 9% used [0x0000000080000000,0x00000000807409f8,0x0000000084a00000)
 Metaspace       used 34291K, capacity 35410K, committed 35496K, reserved 1079296K
  class space    used 4721K, capacity 5002K, committed 5040K, reserved 1048576K
Event: 5.620 GC heap after
Heap after GC invocations=8 (full 1):
 PSYoungGen      total 173056K, used 9563K [0x00000000d5580000, 0x00000000e2c80000, 0x0000000100000000)
  eden space 159744K, 0% used [0x00000000d5580000,0x00000000d5580000,0x00000000df180000)
  from space 13312K, 71% used [0x00000000e1280000,0x00000000e1bd6dc0,0x00000000e1f80000)
  to   space 11776K, 0% used [0x00000000e2100000,0x00000000e2100000,0x00000000e2c80000)
 ParOldGen       total 75776K, used 7434K [0x0000000080000000, 0x0000000084a00000, 0x00000000d5580000)
  object space 75776K, 9% used [0x0000000080000000,0x00000000807429f8,0x0000000084a00000)
 Metaspace       used 34291K, capacity 35410K, committed 35496K, reserved 1079296K
  class space    used 4721K, capacity 5002K, committed 5040K, reserved 1048576K
}
Event: 5.620 GC heap before
{Heap before GC invocations=9 (full 2):
 PSYoungGen      total 173056K, used 9563K [0x00000000d5580000, 0x00000000e2c80000, 0x0000000100000000)
  eden space 159744K, 0% used [0x00000000d5580000,0x00000000d5580000,0x00000000df180000)
  from space 13312K, 71% used [0x00000000e1280000,0x00000000e1bd6dc0,0x00000000e1f80000)
  to   space 11776K, 0% used [0x00000000e2100000,0x00000000e2100000,0x00000000e2c80000)
 ParOldGen       total 75776K, used 7434K [0x0000000080000000, 0x0000000084a00000, 0x00000000d5580000)
  object space 75776K, 9% used [0x0000000080000000,0x00000000807429f8,0x0000000084a00000)
 Metaspace       used 34291K, capacity 35410K, committed 35496K, reserved 1079296K
  class space    used 4721K, capacity 5002K, committed 5040K, reserved 1048576K
Event: 5.740 GC heap after
Heap after GC invocations=9 (full 2):
 PSYoungGen      total 173056K, used 0K [0x00000000d5580000, 0x00000000e2c80000, 0x0000000100000000)
  eden space 159744K, 0% used [0x00000000d5580000,0x00000000d5580000,0x00000000df180000)
  from space 13312K, 0% used [0x00000000e1280000,0x00000000e1280000,0x00000000e1f80000)
  to   space 11776K, 0% used [0x00000000e2100000,0x00000000e2100000,0x00000000e2c80000)
 ParOldGen       total 75776K, used 15760K [0x0000000080000000, 0x0000000084a00000, 0x00000000d5580000)
  object space 75776K, 20% used [0x0000000080000000,0x0000000080f642e8,0x0000000084a00000)
 Metaspace       used 34291K, capacity 35410K, committed 35496K, reserved 1079296K
  class space    used 4721K, capacity 5002K, committed 5040K, reserved 1048576K
}

Deoptimization events (10 events):
Event: 4.667 Thread 0x000000001acc4000 Uncommon trap: reason=unstable_if action=reinterpret pc=0x00000000033b5d34 method=java.lang.ClassLoader.getClassLoadingLock(Ljava/lang/String;)Ljava/lang/Object; @ 6
Event: 5.022 Thread 0x000000001acc4000 Uncommon trap: reason=unstable_if action=reinterpret pc=0x0000000003487484 method=java.util.HashMap.getNode(ILjava/lang/Object;)Ljava/util/HashMap$Node; @ 53
Event: 5.022 Thread 0x000000001acc4000 Uncommon trap: reason=unstable_if action=reinterpret pc=0x0000000003442978 method=java.util.HashMap.putVal(ILjava/lang/Object;Ljava/lang/Object;ZZ)Ljava/lang/Object; @ 85
Event: 5.103 Thread 0x0000000002eb7800 Uncommon trap: reason=unstable_if action=reinterpret pc=0x00000000034fca3c method=java.lang.ref.Reference.tryHandlePending(Z)Z @ 104
Event: 5.155 Thread 0x000000001acc4000 Uncommon trap: reason=unstable_if action=reinterpret pc=0x00000000037d33b4 method=org.gradle.internal.reflect.PropertyAccessorType.isGetGetterName(Ljava/lang/String;)Z @ 14
Event: 5.179 Thread 0x000000001acc4000 Uncommon trap: reason=unstable_if action=reinterpret pc=0x00000000035bd0c0 method=org.objectweb.asm.ByteVector.putShort(I)Lorg/objectweb/asm/ByteVector; @ 13
Event: 5.263 Thread 0x000000001acc4000 Uncommon trap: reason=unstable_if action=reinterpret pc=0x0000000003494c58 method=java.net.URLClassLoader.defineClass(Ljava/lang/String;Lsun/misc/Resource;)Ljava/lang/Class; @ 21
Event: 5.318 Thread 0x000000001acc4000 Uncommon trap: reason=unstable_if action=reinterpret pc=0x00000000038726c4 method=org.codehaus.groovy.runtime.metaclass.MetaMethodIndex.addMethodToList(Ljava/lang/Object;Lgroovy/lang/MetaMethod;)Ljava/lang/Object; @ 226
Event: 5.334 Thread 0x000000001acc4000 Uncommon trap: reason=class_check action=maybe_recompile pc=0x0000000003633b68 method=java.util.WeakHashMap.eq(Ljava/lang/Object;Ljava/lang/Object;)Z @ 7
Event: 5.388 Thread 0x000000001acc4000 Uncommon trap: reason=range_check action=make_not_entrant pc=0x000000000388283c method=java.lang.String.charAt(I)C @ 27

Classes redefined (0 events):
No events

Internal exceptions (10 events):
Event: 5.339 Thread 0x000000001acc4000 Exception <a 'java/lang/ClassNotFoundException': org/gradle/api/internal/artifacts/dsl/DefaultRepositoryHandlerCustomizer> (0x00000000d7157cc8) thrown at [C:\src\AOSP-openjdk-git\hotspot\src\share\vm\classfile\systemDictionary.cpp, line 210]
Event: 5.340 Thread 0x000000001acc4000 Exception <a 'java/lang/ClassNotFoundException': org/gradle/api/internal/artifacts/dsl/DefaultRepositoryHandler_DecoratedCustomizer> (0x00000000d71db4d8) thrown at [C:\src\AOSP-openjdk-git\hotspot\src\share\vm\classfile\systemDictionary.cpp, line 210]
Event: 5.470 Thread 0x000000001acc4000 Exception <a 'java/lang/ClassNotFoundException': org/gradle/api/internal/artifacts/dsl/dependencies/DefaultDependencyHandler_DecoratedBeanInfo> (0x00000000d7f4d918) thrown at [C:\src\AOSP-openjdk-git\hotspot\src\share\vm\classfile\systemDictionary.cpp, li
Event: 5.471 Thread 0x000000001acc4000 Exception <a 'java/lang/ClassNotFoundException': org/gradle/api/internal/artifacts/dsl/dependencies/DefaultDependencyHandlerBeanInfo> (0x00000000d7fa6258) thrown at [C:\src\AOSP-openjdk-git\hotspot\src\share\vm\classfile\systemDictionary.cpp, line 210]
Event: 5.472 Thread 0x000000001acc4000 Exception <a 'java/lang/ClassNotFoundException': org/gradle/api/internal/artifacts/dsl/dependencies/DefaultDependencyHandlerCustomizer> (0x00000000d7fffe98) thrown at [C:\src\AOSP-openjdk-git\hotspot\src\share\vm\classfile\systemDictionary.cpp, line 210]
Event: 5.473 Thread 0x000000001acc4000 Exception <a 'java/lang/ClassNotFoundException': org/gradle/api/internal/artifacts/dsl/dependencies/DefaultDependencyHandler_DecoratedCustomizer> (0x00000000d808ac20) thrown at [C:\src\AOSP-openjdk-git\hotspot\src\share\vm\classfile\systemDictionary.cpp, 
Event: 5.536 Thread 0x000000001acc4000 Exception <a 'java/lang/NoSuchMethodError': java.lang.Object.lambda$static$0(Lorg/gradle/api/internal/artifacts/configurations/MutationValidator$MutationType;)V> (0x00000000d86f95e0) thrown at [C:\src\AOSP-openjdk-git\hotspot\src\share\vm\interpreter\link
Event: 5.762 Thread 0x000000001acc4000 Exception <a 'java/lang/NoSuchMethodError': java.lang.Object.lambda$static$0(Lorg/gradle/internal/component/model/DependencyMetadata;)Lorg/gradle/api/internal/artifacts/ivyservice/dependencysubstitution/DependencySubstitutionApplicator$SubstitutionResult;
Event: 5.800 Thread 0x000000001acc4000 Exception <a 'java/lang/IncompatibleClassChangeError': Found class java.lang.Object, but interface was expected> (0x00000000d5d0c158) thrown at [C:\src\AOSP-openjdk-git\hotspot\src\share\vm\interpreter\linkResolver.cpp, line 653]
Event: 5.802 Thread 0x000000001acc4000 Exception <a 'java/lang/NoSuchMethodError': java.lang.Object.lambda$thenComparing$36697e65$1(Ljava/util/Comparator;Ljava/lang/Object;Ljava/lang/Object;)I> (0x00000000d5e21ea0) thrown at [C:\src\AOSP-openjdk-git\hotspot\src\share\vm\interpreter\linkResolve

Events (10 events):
Event: 5.857 loading class org/gradle/internal/hash/ChecksumService
Event: 5.857 loading class org/gradle/internal/hash/ChecksumService done
Event: 5.857 loading class org/gradle/internal/hash/HashCode
Event: 5.857 loading class org/gradle/internal/hash/HashCode done
Event: 5.857 loading class org/gradle/internal/hash/ChecksumService
Event: 5.857 loading class org/gradle/internal/hash/ChecksumService done
Event: 5.857 loading class org/gradle/api/internal/artifacts/ivyservice/modulecache/StringDeduplicatingDecoder
Event: 5.857 loading class org/gradle/api/internal/artifacts/ivyservice/modulecache/StringDeduplicatingDecoder done
Event: 5.858 loading class org/gradle/api/internal/artifacts/ivyservice/modulecache/ModuleMetadataSerializer$Reader
Event: 5.858 loading class org/gradle/api/internal/artifacts/ivyservice/modulecache/ModuleMetadataSerializer$Reader done


Dynamic libraries:
0x00007ff661db0000 - 0x00007ff661de1000 	C:\Program Files\Android\Android Studio\jre\bin\java.exe
0x00007ffc97c30000 - 0x00007ffc97e26000 	C:\WINDOWS\SYSTEM32\ntdll.dll
0x00007ffc96630000 - 0x00007ffc966ed000 	C:\WINDOWS\System32\KERNEL32.DLL
0x00007ffc95620000 - 0x00007ffc958e9000 	C:\WINDOWS\System32\KERNELBASE.dll
0x00007ffc96700000 - 0x00007ffc967ac000 	C:\WINDOWS\System32\ADVAPI32.dll
0x00007ffc973d0000 - 0x00007ffc9746e000 	C:\WINDOWS\System32\msvcrt.dll
0x00007ffc97a30000 - 0x00007ffc97acc000 	C:\WINDOWS\System32\sechost.dll
0x00007ffc971d0000 - 0x00007ffc972fb000 	C:\WINDOWS\System32\RPCRT4.dll
0x00007ffc96130000 - 0x00007ffc962d0000 	C:\WINDOWS\System32\USER32.dll
0x00007ffc953c0000 - 0x00007ffc953e2000 	C:\WINDOWS\System32\win32u.dll
0x00007ffc97470000 - 0x00007ffc9749a000 	C:\WINDOWS\System32\GDI32.dll
0x00007ffc958f0000 - 0x00007ffc959fb000 	C:\WINDOWS\System32\gdi32full.dll
0x00007ffc95580000 - 0x00007ffc9561d000 	C:\WINDOWS\System32\msvcp_win.dll
0x00007ffc95a80000 - 0x00007ffc95b80000 	C:\WINDOWS\System32\ucrtbase.dll
0x00007ffc80d10000 - 0x00007ffc80fab000 	C:\WINDOWS\WinSxS\amd64_microsoft.windows.common-controls_6595b64144ccf1df_6.0.19041.746_none_ca02b4b61b8320a4\COMCTL32.dll
0x00007ffc96100000 - 0x00007ffc96130000 	C:\WINDOWS\System32\IMM32.DLL
0x000000006ca90000 - 0x000000006cb62000 	C:\Program Files\Android\Android Studio\jre\jre\bin\msvcr100.dll
0x000000006d500000 - 0x000000006dd4b000 	C:\Program Files\Android\Android Studio\jre\jre\bin\server\jvm.dll
0x00007ffc97590000 - 0x00007ffc97598000 	C:\WINDOWS\System32\PSAPI.DLL
0x00007ffc87740000 - 0x00007ffc87767000 	C:\WINDOWS\SYSTEM32\WINMM.dll
0x00007ffc8bc20000 - 0x00007ffc8bc2a000 	C:\WINDOWS\SYSTEM32\VERSION.dll
0x00007ffc83db0000 - 0x00007ffc83db9000 	C:\WINDOWS\SYSTEM32\WSOCK32.dll
0x00007ffc96350000 - 0x00007ffc963bb000 	C:\WINDOWS\System32\WS2_32.dll
0x00007ffc8d250000 - 0x00007ffc8d25f000 	C:\Program Files\Android\Android Studio\jre\jre\bin\verify.dll
0x00007ffc71c10000 - 0x00007ffc71c39000 	C:\Program Files\Android\Android Studio\jre\jre\bin\java.dll
0x00007ffc75d30000 - 0x00007ffc75d46000 	C:\Program Files\Android\Android Studio\jre\jre\bin\zip.dll
0x00007ffc967b0000 - 0x00007ffc96ef3000 	C:\WINDOWS\System32\SHELL32.dll
0x00007ffc93390000 - 0x00007ffc93b1f000 	C:\WINDOWS\SYSTEM32\windows.storage.dll
0x00007ffc976d0000 - 0x00007ffc97a26000 	C:\WINDOWS\System32\combase.dll
0x00007ffc94d40000 - 0x00007ffc94d6c000 	C:\WINDOWS\SYSTEM32\Wldp.dll
0x00007ffc96f00000 - 0x00007ffc96fae000 	C:\WINDOWS\System32\SHCORE.dll
0x00007ffc964a0000 - 0x00007ffc964f5000 	C:\WINDOWS\System32\shlwapi.dll
0x00007ffc952a0000 - 0x00007ffc952c6000 	C:\WINDOWS\SYSTEM32\profapi.dll
0x00007ffc75860000 - 0x00007ffc7587a000 	C:\Program Files\Android\Android Studio\jre\jre\bin\net.dll
0x00007ffc94a80000 - 0x00007ffc94aea000 	C:\WINDOWS\system32\mswsock.dll
0x00007ffc72240000 - 0x00007ffc72253000 	C:\Program Files\Android\Android Studio\jre\jre\bin\nio.dll
0x00007ffc74a10000 - 0x00007ffc74a37000 	C:\Users\TRUONG\.gradle\native\f6784746aeab05261644944871eae4fe03e0ef1612fff0a4a95f87b438bc6780\windows-amd64\native-platform.dll
0x00007ffc860d0000 - 0x00007ffc860dd000 	C:\Program Files\Android\Android Studio\jre\jre\bin\management.dll
0x00007ffc94c50000 - 0x00007ffc94c68000 	C:\WINDOWS\SYSTEM32\CRYPTSP.dll
0x00007ffc943e0000 - 0x00007ffc94414000 	C:\WINDOWS\system32\rsaenh.dll
0x00007ffc953f0000 - 0x00007ffc95417000 	C:\WINDOWS\System32\bcrypt.dll
0x00007ffc95260000 - 0x00007ffc9528e000 	C:\WINDOWS\SYSTEM32\USERENV.dll
0x00007ffc95a00000 - 0x00007ffc95a80000 	C:\WINDOWS\System32\bcryptprimitives.dll
0x00007ffc94c10000 - 0x00007ffc94c1c000 	C:\WINDOWS\SYSTEM32\CRYPTBASE.dll
0x00007ffc94790000 - 0x00007ffc947cb000 	C:\WINDOWS\SYSTEM32\IPHLPAPI.DLL
0x00007ffc971c0000 - 0x00007ffc971c8000 	C:\WINDOWS\System32\NSI.dll
0x00007ffc8c040000 - 0x00007ffc8c057000 	C:\WINDOWS\SYSTEM32\dhcpcsvc6.DLL
0x00007ffc8c020000 - 0x00007ffc8c03d000 	C:\WINDOWS\SYSTEM32\dhcpcsvc.DLL
0x00007ffc947d0000 - 0x00007ffc9489b000 	C:\WINDOWS\SYSTEM32\DNSAPI.dll
0x00007ffc8c1c0000 - 0x00007ffc8c1cb000 	C:\WINDOWS\SYSTEM32\WINNSI.DLL

VM Arguments:
jvm_args: -Xmx2048m -Dfile.encoding=UTF-8 -Duser.country=US -Duser.language=en -Duser.variant 
java_command: org.gradle.launcher.daemon.bootstrap.GradleDaemon 6.5
java_class_path (initial): C:\Users\TRUONG\.gradle\wrapper\dists\gradle-6.5-bin\6nifqtx7604sqp1q6g8wikw7p\gradle-6.5\lib\gradle-launcher-6.5.jar
Launcher Type: SUN_STANDARD

Environment Variables:
JAVA_HOME=C:\Program Files\Java\jdk1.8.0_221
PATH=C:\Program Files (x86)\VMware\VMware Workstation\bin\;C:\Program Files\Microsoft MPI\Bin\;C:\Program Files (x86)\Common Files\Oracle\Java\javapath;C:\WINDOWS\system32;C:\WINDOWS;C:\WINDOWS\System32\Wbem;C:\WINDOWS\System32\WindowsPowerShell\v1.0\;C:\WINDOWS\System32\OpenSSH\;C:\Program Files\Intel\WiFi\bin\;C:\Program Files\Common Files\Intel\WirelessCommon\;C:\Program Files\Java\jdk1.8.0_221\bin;C:\Program Files\Microsoft SQL Server\Client SDK\ODBC\130\Tools\Binn\;C:\Program Files\Git\cmd;C:\Program Files\Microsoft SQL Server\Client SDK\ODBC\170\Tools\Binn\;C:\Program Files (x86)\CodeBlocks\MinGW\bin;C:\WINDOWS\system32;C:\WINDOWS;C:\WINDOWS\System32\Wbem;C:\WINDOWS\System32\WindowsPowerShell\v1.0\;C:\WINDOWS\System32\OpenSSH\;C:\Program Files\nodejs\;C:\Program Files\dotnet\;C:\Program Files\Docker\Docker\resources\bin;C:\ProgramData\DockerDesktop\version-bin;%ZOOKEEPER_HOME%\bin;C:\Program Files (x86)\Microsoft SQL Server\150\DTS\Binn\;C:\Program Files\Microsoft SQL Server\150\DTS\Binn\;C:\Program Files (x86)\Microsoft SQL Server\150\Tools\Binn\;C:\Program Files\Microsoft SQL Server\150\Tools\Binn\;C:\Program Files\Azure Data Studio\bin;C:\Apache\spark-3.0.1-bin-hadoop2.7\bin;C:\Apache\hadoop-winutils-2.7.1\bin;C:\Users\TRUONG\AppData\Local\Programs\Python\Python38-32\Scripts\;C:\Users\TRUONG\AppData\Local\Programs\Python\Python38-32\;C:\Users\TRUONG\AppData\Local\Microsoft\WindowsApps;C:\Users\TRUONG\.dotnet\tools;C:\Users\TRUONG\AppData\Local\Microsoft\WindowsApps;C:\Users\TRUONG\AppData\Roaming\npm;C:\Users\TRUONG\AppData\Local\Programs\Microsoft VS Code\bin;C:\Users\TRUONG\.dotnet\tools;C:\Program Files\Azure Data Studio\bin;C:\Program Files\JetBrains\IntelliJ IDEA Community Edition 2020.3\bin;;C:\xampp\php;
USERNAME=TRUONG
OS=Windows_NT
PROCESSOR_IDENTIFIER=Intel64 Family 6 Model 142 Stepping 10, GenuineIntel



---------------  S Y S T E M  ---------------

OS: Windows 10.0 , 64 bit Build 19041 (10.0.19041.662)

CPU:total 8 (initial active 8) (4 cores per cpu, 2 threads per core) family 6 model 142 stepping 10, cmov, cx8, fxsr, mmx, sse, sse2, sse3, ssse3, sse4.1, sse4.2, popcnt, avx, avx2, aes, clmul, erms, 3dnowpref, lzcnt, ht, tsc, tscinvbit, bmi1, bmi2, adx

Memory: 4k page, physical 12462716k(544172k free), swap 41529136k(179020k free)

vm_info: OpenJDK 64-Bit Server VM (25.242-b01) for windows-amd64 JRE (1.8.0_242-release-1644-b01), built by "builder" with MS VC++ 10.0 (VS2010)

time: Fri Jan 15 21:37:58 2021
timezone: SE Asia Standard Time
elapsed time: 6 seconds (0d 0h 0m 6s)

